#-----------------------------------------------------------
# Vivado v2020.1 (64-bit)
# SW Build 2902540 on Wed May 27 19:54:49 MDT 2020
# IP Build 2902112 on Wed May 27 22:43:36 MDT 2020
# Start of session at: Thu Jan 14 11:56:47 2021
# Process ID: 12024
# Current directory: C:/Users/a265589/Desktop/finalllllllll/Project/ChenBoJun/project_2
# Command line: vivado.exe -gui_launcher_event rodinguilauncherevent14556 C:\Users\a265589\Desktop\finalllllllll\Project\ChenBoJun\project_2\project_2.xpr
# Log file: C:/Users/a265589/Desktop/finalllllllll/Project/ChenBoJun/project_2/vivado.log
# Journal file: C:/Users/a265589/Desktop/finalllllllll/Project/ChenBoJun/project_2\vivado.jou
#-----------------------------------------------------------
start_gui
open_project C:/Users/a265589/Desktop/finalllllllll/Project/ChenBoJun/project_2/project_2.xpr
Scanning sources...
Finished scanning sources
INFO: [IP_Flow 19-234] Refreshing IP repositories
INFO: [IP_Flow 19-1704] No user IP repositories specified
INFO: [IP_Flow 19-2313] Loaded Vivado IP repository 'D:/Xilinx/Vivado/2020.1/data/ip'.
exit
INFO: [Common 17-206] Exiting Vivado at Thu Jan 14 11:57:09 2021...
