Copyright 1986-2020 Xilinx, Inc. All Rights Reserved.
-------------------------------------------------------------------------------------------
| Tool Version : Vivado v.2020.1 (win64) Build 2902540 Wed May 27 19:54:49 MDT 2020
| Date         : Wed Jan 13 19:49:00 2021
| Host         : Neilsons running 64-bit major release  (build 9200)
| Command      : report_control_sets -verbose -file rhinos_speaker_control_sets_placed.rpt
| Design       : rhinos_speaker
| Device       : xc7a35t
-------------------------------------------------------------------------------------------

Control Set Information

Table of Contents
-----------------
1. Summary
2. Histogram
3. Flip-Flop Distribution
4. Detailed Control Set Information

1. Summary
----------

+----------------------------------------------------------+-------+
|                          Status                          | Count |
+----------------------------------------------------------+-------+
| Total control sets                                       |     9 |
|    Minimum number of control sets                        |     9 |
|    Addition due to synthesis replication                 |     0 |
|    Addition due to physical synthesis replication        |     0 |
| Unused register locations in slices containing registers |    36 |
+----------------------------------------------------------+-------+
* Control sets can be merged at opt_design using control_set_merge or merge_equivalent_drivers
** Run report_qor_suggestions for automated merging and remapping suggestions


2. Histogram
------------

+--------------------+-------+
|       Fanout       | Count |
+--------------------+-------+
| Total control sets |     9 |
| >= 0 to < 4        |     2 |
| >= 4 to < 6        |     0 |
| >= 6 to < 8        |     0 |
| >= 8 to < 10       |     1 |
| >= 10 to < 12      |     1 |
| >= 12 to < 14      |     0 |
| >= 14 to < 16      |     1 |
| >= 16              |     4 |
+--------------------+-------+
* Control sets can be remapped at either synth_design or opt_design


3. Flip-Flop Distribution
-------------------------

+--------------+-----------------------+------------------------+-----------------+--------------+
| Clock Enable | Synchronous Set/Reset | Asynchronous Set/Reset | Total Registers | Total Slices |
+--------------+-----------------------+------------------------+-----------------+--------------+
| No           | No                    | No                     |              73 |           29 |
| No           | No                    | Yes                    |             123 |           38 |
| No           | Yes                   | No                     |               0 |            0 |
| Yes          | No                    | No                     |               0 |            0 |
| Yes          | No                    | Yes                    |               0 |            0 |
| Yes          | Yes                   | No                     |               0 |            0 |
+--------------+-----------------------+------------------------+-----------------+--------------+


4. Detailed Control Set Information
-----------------------------------

+-------------------------------------+---------------+-------------------------------------------+------------------+----------------+--------------+
|             Clock Signal            | Enable Signal |              Set/Reset Signal             | Slice Load Count | Bel Load Count | Bels / Slice |
+-------------------------------------+---------------+-------------------------------------------+------------------+----------------+--------------+
|  slowed_clk_for_4bits_flushing/S[0] |               |                                           |                1 |              1 |         1.00 |
|  clock_22/CLK                       |               |                                           |                3 |              3 |         1.00 |
|  clock_22/CLK                       |               | playerCtrl_R_00/ibeat_for_R_ch[7]_i_2_n_0 |                4 |              8 |         2.00 |
|  clock_22/CLK                       |               | playerCtrl_L_00/ibeat_for_L_ch[9]_i_2_n_0 |                3 |             10 |         3.33 |
|  sc/Q[1]                            |               | rst_IBUF                                  |                4 |             14 |         3.50 |
|  slowed_clk_for_button/CLK          |               |                                           |                8 |             20 |         2.50 |
|  clk_IBUF_BUFG                      |               | o_rst/rst_one_pulsed                      |               11 |             36 |         3.27 |
|  clk_IBUF_BUFG                      |               |                                           |               17 |             49 |         2.88 |
|  clk_IBUF_BUFG                      |               | rst_IBUF                                  |               16 |             55 |         3.44 |
+-------------------------------------+---------------+-------------------------------------------+------------------+----------------+--------------+


