#-----------------------------------------------------------
# Vivado v2020.1 (64-bit)
# SW Build 2902540 on Wed May 27 19:54:49 MDT 2020
# IP Build 2902112 on Wed May 27 22:43:36 MDT 2020
# Start of session at: Sun Jan 10 12:58:00 2021
# Process ID: 38164
# Current directory: D:/Project/Verilog_VGA/Project/project_1
# Command line: vivado.exe -gui_launcher_event rodinguilauncherevent26064 D:\Project\Verilog_VGA\Project\project_1\project_1.xpr
# Log file: D:/Project/Verilog_VGA/Project/project_1/vivado.log
# Journal file: D:/Project/Verilog_VGA/Project/project_1\vivado.jou
#-----------------------------------------------------------
start_gui
open_project D:/Project/Verilog_VGA/Project/project_1/project_1.xpr
Scanning sources...
Finished scanning sources
INFO: [IP_Flow 19-234] Refreshing IP repositories
INFO: [IP_Flow 19-1704] No user IP repositories specified
INFO: [IP_Flow 19-2313] Loaded Vivado IP repository 'D:/Xilinx/Vivado/2020.1/data/ip'.
open_project: Time (s): cpu = 00:00:14 ; elapsed = 00:00:07 . Memory (MB): peak = 1027.090 ; gain = 0.000
update_compile_order -fileset sources_1
reset_run synth_1
launch_runs impl_1 -to_step write_bitstream -jobs 8
[Sun Jan 10 12:58:58 2021] Launched synth_1...
Run output will be captured here: D:/Project/Verilog_VGA/Project/project_1/project_1.runs/synth_1/runme.log
[Sun Jan 10 12:58:58 2021] Launched impl_1...
Run output will be captured here: D:/Project/Verilog_VGA/Project/project_1/project_1.runs/impl_1/runme.log
open_hw_manager
connect_hw_server -allow_non_jtag
INFO: [Labtools 27-2285] Connecting to hw_server url TCP:localhost:3121
INFO: [Labtools 27-2222] Launching hw_server...
INFO: [Labtools 27-2221] Launch Output:

****** Xilinx hw_server v2020.1
  **** Build date : May 27 2020 at 20:24:38
    ** Copyright 1986-2020 Xilinx, Inc. All Rights Reserved.


INFO: [Labtools 27-3415] Connecting to cs_server url TCP:localhost:3042
INFO: [Labtools 27-3417] Launching cs_server...
INFO: [Labtools 27-2221] Launch Output:


****** Xilinx cs_server v2020.1.0
  **** Build date : May 14 2020-09:10:29
    ** Copyright 2017-2020 Xilinx, Inc. All Rights Reserved.



ERROR: [Labtools 27-3733] Error during cs_server initialization: Failed to connect cs_server at TCP:localhost:3042 to hw_server at TCP:localhost:3121.
connect_hw_server: Time (s): cpu = 00:00:01 ; elapsed = 00:00:12 . Memory (MB): peak = 1027.090 ; gain = 0.000
ERROR: [Common 17-39] 'connect_hw_server' failed due to earlier errors.
connect_hw_server -allow_non_jtag
INFO: [Labtools 27-2285] Connecting to hw_server url TCP:localhost:3121
INFO: [Labtools 27-3415] Connecting to cs_server url TCP:localhost:3042
INFO: [Labtools 27-3417] Launching cs_server...
INFO: [Labtools 27-2221] Launch Output:
ERROR: Cannot start server on port 3042: already in use.

ERROR: [Labtools 27-2220] Launch Error:
Unable to launch local cs_server executable.
ERROR: Cannot start server on port 3042: already in use.

ERROR: [Common 17-39] 'connect_hw_server' failed due to earlier errors.
connect_hw_server -allow_non_jtag
INFO: [Labtools 27-2285] Connecting to hw_server url TCP:localhost:3121
INFO: [Labtools 27-3415] Connecting to cs_server url TCP:localhost:3042
INFO: [Labtools 27-3417] Launching cs_server...
INFO: [Labtools 27-2221] Launch Output:
ERROR: Cannot start server on port 3042: already in use.

ERROR: [Labtools 27-2220] Launch Error:
Unable to launch local cs_server executable.
ERROR: Cannot start server on port 3042: already in use.

ERROR: [Common 17-39] 'connect_hw_server' failed due to earlier errors.
INFO: [Labtools 27-2285] Connecting to hw_server url TCP:localhost:3121
INFO: [Labtools 27-3415] Connecting to cs_server url TCP:localhost:3042
INFO: [Labtools 27-3417] Launching cs_server...
INFO: [Labtools 27-2221] Launch Output:
ERROR: Cannot start server on port 3042: already in use.

ERROR: [Labtools 27-2220] Launch Error:
Unable to launch local cs_server executable.
ERROR: Cannot start server on port 3042: already in use.

ERROR: [Common 17-39] 'connect_hw_server' failed due to earlier errors.
exit
INFO: [Common 17-206] Exiting Vivado at Sun Jan 10 13:02:57 2021...
